[17/05/05 13:40:57][INFO][com.perficient.util.TestCaseBase-81] running TEST Case:com.perficient.insite.testcase.signIn.TC01InsiteSignInTest
[17/05/05 13:40:57][INFO][com.perficient.util.TestCaseBase-154] onGrid=false
[17/05/05 13:40:57][INFO][com.perficient.util.TestCaseBase-155] browserFlag=chrome
[17/05/05 13:44:44][INFO][com.perficient.util.TestCaseBase-111] pass
[17/05/05 13:44:44][INFO][com.perficient.util.TestCaseBase-263] 201705051340 DemoPerficientGDCFramework  signIn TC01InsiteSignInTest [Ljava.lang.String;@52102734 FAIL chrome
[17/05/05 13:44:44][INFO][com.perficient.util.TestCaseBase-81] running TEST Case:com.perficient.insite.testcase.signIn.TC01InsiteSignInTest
[17/05/05 13:44:44][INFO][com.perficient.util.TestCaseBase-154] onGrid=false
[17/05/05 13:44:44][INFO][com.perficient.util.TestCaseBase-155] browserFlag=chrome
[17/05/05 13:44:51][INFO][com.perficient.util.TestCaseBase-335] Setting...filename=testdata_TC01InsiteSignInTest.properties
[17/05/05 13:44:51][INFO][com.perficient.util.LogWebdriverEventListner-19] WebDriver navigating to:'http://insitesdkreview.perficientdcsdemo.com/'
[17/05/05 13:45:29][INFO][com.perficient.util.LogWebdriverEventListner-62] WebDriver found By.xpath: //span[contains(.,'Sign In')]
[17/05/05 13:45:29][INFO][com.perficient.util.LogWebdriverEventListner-50] WebDriver clicking on[[ChromeDriver: chrome on XP (c29cf37ca900d4517aec275d10225378)] -> xpath: //span[contains(.,'Sign In')]]
[17/05/05 13:45:29][ERROR][com.perficient.util.LogWebdriverEventListner-39] WebDriver error:
org.openqa.selenium.ElementNotVisibleException: element not visible
  (Session info: chrome=58.0.3029.96)
  (Driver info: chromedriver=2.29.461591 (62ebf098771772160f391d75e589dc567915b233),platform=Windows NT 6.1.7601 SP1 x86_64) (WARNING: The server did not provide any stacktrace information)
Command duration or timeout: 43 milliseconds
Build info: version: '2.52.0', revision: '4c2593cfc3689a7fcd7be52549167e5ccc93ad28', time: '2016-02-11 11:22:43'
System info: host: 'ZIL108', ip: '169.254.173.188', os.name: 'Windows 7', os.arch: 'amd64', os.version: '6.1', java.version: '1.8.0_45'
Driver info: org.openqa.selenium.chrome.ChromeDriver
Capabilities [{applicationCacheEnabled=false, rotatable=false, mobileEmulationEnabled=false, networkConnectionEnabled=false, chrome={chromedriverVersion=2.29.461591 (62ebf098771772160f391d75e589dc567915b233), userDataDir=C:\Users\RITESH~1.SAC\AppData\Local\Temp\scoped_dir7248_26520}, takesHeapSnapshot=true, pageLoadStrategy=normal, databaseEnabled=false, handlesAlerts=true, hasTouchScreen=false, version=58.0.3029.96, platform=XP, browserConnectionEnabled=false, nativeEvents=true, acceptSslCerts=true, locationContextEnabled=true, webStorageEnabled=true, browserName=chrome, takesScreenshot=true, javascriptEnabled=true, cssSelectorsEnabled=true, unexpectedAlertBehaviour=}]
Session ID: c29cf37ca900d4517aec275d10225378
	at sun.reflect.NativeConstructorAccessorImpl.newInstance0(Native Method)
	at sun.reflect.NativeConstructorAccessorImpl.newInstance(Unknown Source)
	at sun.reflect.DelegatingConstructorAccessorImpl.newInstance(Unknown Source)
	at java.lang.reflect.Constructor.newInstance(Unknown Source)
	at org.openqa.selenium.remote.ErrorHandler.createThrowable(ErrorHandler.java:206)
	at org.openqa.selenium.remote.ErrorHandler.throwIfResponseFailed(ErrorHandler.java:158)
	at org.openqa.selenium.remote.RemoteWebDriver.execute(RemoteWebDriver.java:678)
	at org.openqa.selenium.remote.RemoteWebElement.execute(RemoteWebElement.java:327)
	at org.openqa.selenium.remote.RemoteWebElement.click(RemoteWebElement.java:85)
	at sun.reflect.NativeMethodAccessorImpl.invoke0(Native Method)
	at sun.reflect.NativeMethodAccessorImpl.invoke(Unknown Source)
	at sun.reflect.DelegatingMethodAccessorImpl.invoke(Unknown Source)
	at java.lang.reflect.Method.invoke(Unknown Source)
	at org.openqa.selenium.support.events.EventFiringWebDriver$EventFiringWebElement$1.invoke(EventFiringWebDriver.java:335)
	at com.sun.proxy.$Proxy15.click(Unknown Source)
	at org.openqa.selenium.support.events.EventFiringWebDriver$EventFiringWebElement.click(EventFiringWebDriver.java:348)
	at sun.reflect.NativeMethodAccessorImpl.invoke0(Native Method)
	at sun.reflect.NativeMethodAccessorImpl.invoke(Unknown Source)
	at sun.reflect.DelegatingMethodAccessorImpl.invoke(Unknown Source)
	at java.lang.reflect.Method.invoke(Unknown Source)
	at org.openqa.selenium.support.pagefactory.internal.LocatingElementHandler.invoke(LocatingElementHandler.java:51)
	at com.sun.proxy.$Proxy14.click(Unknown Source)
	at com.perficient.util.PageManager.click(PageManager.java:107)
	at com.perficient.insite.basepages.InsiteHomePage.clickOnElement(InsiteHomePage.java:56)
	at com.perficient.insite.testcase.signIn.TC01InsiteSignInTest.testSearchWeb(TC01InsiteSignInTest.java:32)
	at sun.reflect.NativeMethodAccessorImpl.invoke0(Native Method)
	at sun.reflect.NativeMethodAccessorImpl.invoke(Unknown Source)
	at sun.reflect.DelegatingMethodAccessorImpl.invoke(Unknown Source)
	at java.lang.reflect.Method.invoke(Unknown Source)
	at org.testng.internal.MethodInvocationHelper.invokeMethod(MethodInvocationHelper.java:85)
	at org.testng.internal.Invoker.invokeMethod(Invoker.java:663)
	at org.testng.internal.Invoker.invokeTestMethod(Invoker.java:849)
	at org.testng.internal.Invoker.invokeTestMethods(Invoker.java:1157)
	at org.testng.internal.TestMethodWorker.invokeTestMethods(TestMethodWorker.java:124)
	at org.testng.internal.TestMethodWorker.run(TestMethodWorker.java:108)
	at org.testng.TestRunner.privateRun(TestRunner.java:771)
	at org.testng.TestRunner.run(TestRunner.java:621)
	at org.testng.SuiteRunner.runTest(SuiteRunner.java:357)
	at org.testng.SuiteRunner.runSequentially(SuiteRunner.java:352)
	at org.testng.SuiteRunner.privateRun(SuiteRunner.java:310)
	at org.testng.SuiteRunner.run(SuiteRunner.java:259)
	at org.testng.SuiteRunnerWorker.runSuite(SuiteRunnerWorker.java:52)
	at org.testng.SuiteRunnerWorker.run(SuiteRunnerWorker.java:86)
	at org.testng.TestNG.runSuitesSequentially(TestNG.java:1200)
	at org.testng.TestNG.runSuitesLocally(TestNG.java:1125)
	at org.testng.TestNG.run(TestNG.java:1033)
	at org.testng.remote.RemoteTestNG.run(RemoteTestNG.java:111)
	at org.testng.remote.RemoteTestNG.initAndRun(RemoteTestNG.java:204)
	at org.testng.remote.RemoteTestNG.main(RemoteTestNG.java:175)
[17/05/05 13:45:32][ERROR][com.perficient.util.LogWebdriverEventListner-37] WebDriver error: Element not found By.xpath: //button[@class='btn primary btn-sign-in']
[17/05/05 13:45:35][ERROR][com.perficient.util.LogWebdriverEventListner-37] WebDriver error: Element not found By.xpath: //button[@class='btn primary btn-sign-in']
[17/05/05 13:45:39][ERROR][com.perficient.util.LogWebdriverEventListner-37] WebDriver error: Element not found By.xpath: //button[@class='btn primary btn-sign-in']
[17/05/05 13:45:42][ERROR][com.perficient.util.LogWebdriverEventListner-37] WebDriver error: Element not found By.xpath: //button[@class='btn primary btn-sign-in']
[17/05/05 13:45:42][INFO][com.perficient.util.PageManager-276] save snapshot path is:./test-output/errorImages/20174505_014542.png
[17/05/05 13:45:46][ERROR][com.perficient.util.LogWebdriverEventListner-37] WebDriver error: Element not found By.xpath: //button[@class='btn primary btn-sign-in']
[17/05/05 13:45:49][ERROR][com.perficient.util.LogWebdriverEventListner-37] WebDriver error: Element not found By.xpath: //button[@class='btn primary btn-sign-in']
[17/05/05 13:45:49][INFO][com.perficient.util.TestCaseBase-111] fail
[17/05/05 13:45:49][INFO][com.perficient.util.TestCaseBase-263] 201705051344 DemoPerficientGDCFramework  signIn TC01InsiteSignInTest [Ljava.lang.String;@47caedad FAIL chrome
