<?xml version="1.0" encoding="UTF-8"?>
<!-- Generated by org.testng.reporters.JUnitReportReporter -->
<testsuite skipped="1" hostname="ZIL051" name="com.perficient.insite.testcase01.TC01InsiteSignIn" tests="3" failures="0" timestamp="28 Apr 2017 06:01:49 GMT" time="47.204" errors="2">
  <testcase name="testSearchWeb" time="0.120" classname="com.perficient.insite.testcase01.TC01InsiteSignIn">
    <skipped/>
  </testcase> <!-- testSearchWeb -->
  <testcase name="tearDown" time="0.008" classname="com.perficient.insite.testcase01.TC01InsiteSignIn">
    <error type="java.lang.NullPointerException">
      <![CDATA[java.lang.NullPointerException
	at com.perficient.util.TestCaseBase.tearDown(TestCaseBase.java:265)
	at sun.reflect.NativeMethodAccessorImpl.invoke0(Native Method)
	at sun.reflect.NativeMethodAccessorImpl.invoke(NativeMethodAccessorImpl.java:62)
	at sun.reflect.DelegatingMethodAccessorImpl.invoke(DelegatingMethodAccessorImpl.java:43)
	at java.lang.reflect.Method.invoke(Method.java:498)
	at org.testng.internal.MethodInvocationHelper.invokeMethod(MethodInvocationHelper.java:108)
	at org.testng.internal.Invoker.invokeConfigurationMethod(Invoker.java:523)
	at org.testng.internal.Invoker.invokeConfigurations(Invoker.java:224)
	at org.testng.internal.Invoker.invokeConfigurations(Invoker.java:146)
	at org.testng.internal.TestMethodWorker.invokeAfterClassMethods(TestMethodWorker.java:212)
	at org.testng.internal.TestMethodWorker.run(TestMethodWorker.java:112)
	at org.testng.TestRunner.privateRun(TestRunner.java:744)
	at org.testng.TestRunner.run(TestRunner.java:602)
	at org.testng.SuiteRunner.runTest(SuiteRunner.java:380)
	at org.testng.SuiteRunner.runSequentially(SuiteRunner.java:375)
	at org.testng.SuiteRunner.privateRun(SuiteRunner.java:340)
	at org.testng.SuiteRunner.run(SuiteRunner.java:289)
	at org.testng.SuiteRunnerWorker.runSuite(SuiteRunnerWorker.java:52)
	at org.testng.SuiteRunnerWorker.run(SuiteRunnerWorker.java:86)
	at org.testng.TestNG.runSuitesSequentially(TestNG.java:1301)
	at org.testng.TestNG.runSuitesLocally(TestNG.java:1226)
	at org.testng.TestNG.runSuites(TestNG.java:1144)
	at org.testng.TestNG.run(TestNG.java:1115)
	at org.testng.remote.AbstractRemoteTestNG.run(AbstractRemoteTestNG.java:132)
	at org.testng.remote.RemoteTestNG.initAndRun(RemoteTestNG.java:230)
	at org.testng.remote.RemoteTestNG.main(RemoteTestNG.java:76)
]]>
    </error>
  </testcase> <!-- tearDown -->
  <testcase name="setUpBrowser" time="47.076" classname="com.perficient.insite.testcase01.TC01InsiteSignIn">
    <error type="org.openqa.selenium.WebDriverException" message="Failed to connect to binary FirefoxBinary(C:\Program Files (x86)\Mozilla Firefox\firefox.exe) on port 7055; process output follows: 
rue,&quot;userDisabled&quot;:false,&quot;appDisabled&quot;:false,&quot;descriptor&quot;:&quot;C:\\Program Files (x86)\\Mozilla Firefox\\browser\\extensions\\{972ce4c6-7e08-4474-a285-3208198ce6fd}.xpi&quot;,&quot;installDate&quot;:1493179382399,&quot;updateDate&quot;:1493179382399,&quot;applyBackgroundUpdates&quot;:1,&quot;skinnable&quot;:true,&quot;size&quot;:8201,&quot;sourceURI&quot;:null,&quot;releaseNotesURI&quot;:null,&quot;softDisabled&quot;:false,&quot;foreignInstall&quot;:false,&quot;hasBinaryComponents&quot;:false,&quot;strictCompatibility&quot;:true,&quot;locales&quot;:[],&quot;targetApplications&quot;:[{&quot;id&quot;:&quot;{ec8030f7-c20a-464f-9b0e-13a3a9e97384}&quot;,&quot;minVersion&quot;:&quot;53.0&quot;,&quot;maxVersion&quot;:&quot;53.0&quot;}],&quot;targetPlatforms&quot;:[],&quot;seen&quot;:true,&quot;dependencies&quot;:[],&quot;hasEmbeddedWebExtension&quot;:false,&quot;userPermissions&quot;:null}
1493359264143	addons.xpi	DEBUG	getModTime: Recursive scan of {972ce4c6-7e08-4474-a285-3208198ce6fd}
1493359264144	DeferredSave.extensions.json	DEBUG	Save changes
1493359264144	addons.xpi	DEBUG	Updating database with changes to installed add-ons
1493359264144	addons.xpi-utils	DEBUG	Updating add-on states
1493359264145	addons.xpi-utils	DEBUG	Writing add-ons list
1493359264149	addons.xpi	DEBUG	Registering manifest for C:\Program Files (x86)\Mozilla Firefox\browser\features\aushelper@mozilla.org.xpi
1493359264150	addons.xpi	DEBUG	Calling bootstrap method startup on aushelper@mozilla.org version 2.0
1493359264152	addons.xpi	DEBUG	Registering manifest for C:\Program Files (x86)\Mozilla Firefox\browser\features\e10srollout@mozilla.org.xpi
1493359264153	addons.xpi	DEBUG	Calling bootstrap method startup on e10srollout@mozilla.org version 1.14
1493359264153	addons.xpi	DEBUG	Registering manifest for C:\Program Files (x86)\Mozilla Firefox\browser\features\firefox@getpocket.com.xpi
1493359264154	addons.xpi	DEBUG	Calling bootstrap method startup on firefox@getpocket.com version 1.0.5
1493359264155	addons.xpi	DEBUG	Registering manifest for C:\Program Files (x86)\Mozilla Firefox\browser\features\webcompat@mozilla.org.xpi
1493359264156	addons.xpi	DEBUG	Calling bootstrap method startup on webcompat@mozilla.org version 1.0
1493359264160	addons.manager	DEBUG	Registering shutdown blocker for XPIProvider
1493359264161	addons.manager	DEBUG	Provider finished startup: XPIProvider
1493359264161	addons.manager	DEBUG	Starting provider: LightweightThemeManager
1493359264161	addons.manager	DEBUG	Registering shutdown blocker for LightweightThemeManager
1493359264161	addons.manager	DEBUG	Provider finished startup: LightweightThemeManager
1493359264162	addons.manager	DEBUG	Starting provider: GMPProvider
1493359264170	addons.manager	DEBUG	Registering shutdown blocker for GMPProvider
1493359264170	addons.manager	DEBUG	Provider finished startup: GMPProvider
1493359264170	addons.manager	DEBUG	Starting provider: PluginProvider
1493359264171	addons.manager	DEBUG	Registering shutdown blocker for PluginProvider
1493359264171	addons.manager	DEBUG	Provider finished startup: PluginProvider
1493359264171	addons.manager	DEBUG	Completed startup sequence
1493359265823	addons.manager	DEBUG	Starting provider: &lt;unnamed-provider&gt;
1493359265824	addons.manager	DEBUG	Registering shutdown blocker for &lt;unnamed-provider&gt;
1493359265824	addons.manager	DEBUG	Provider finished startup: &lt;unnamed-provider&gt;
1493359266289	DeferredSave.extensions.json	DEBUG	Write succeeded
1493359266289	addons.xpi-utils	DEBUG	XPI Database saved, setting schema version preference to 19
1493359266289	DeferredSave.extensions.json	DEBUG	Starting timer
1493359266303	addons.repository	DEBUG	No addons.json found.
1493359266304	DeferredSave.addons.json	DEBUG	Save changes
1493359266319	DeferredSave.addons.json	DEBUG	Starting timer
1493359266592	addons.manager	DEBUG	Starting provider: PreviousExperimentProvider
1493359266592	addons.manager	DEBUG	Registering shutdown blocker for PreviousExperimentProvider
1493359266592	addons.manager	DEBUG	Provider finished startup: PreviousExperimentProvider
1493359266594	DeferredSave.extensions.json	DEBUG	Starting write
1493359266595	DeferredSave.addons.json	DEBUG	Starting write
1493359266736	DeferredSave.extensions.json	DEBUG	Write succeeded
1493359266742	DeferredSave.addons.json	DEBUG	Write succeeded

Build info: version: &#039;2.52.0&#039;, revision: &#039;4c2593cfc3689a7fcd7be52549167e5ccc93ad28&#039;, time: &#039;2016-02-11 11:22:43&#039;
System info: host: &#039;ZIL051&#039;, ip: &#039;172.16.3.38&#039;, os.name: &#039;Windows 10&#039;, os.arch: &#039;amd64&#039;, os.version: &#039;10.0&#039;, java.version: &#039;1.8.0_121&#039;
Driver info: driver.version: FirefoxDriver">
      <![CDATA[org.openqa.selenium.WebDriverException: Failed to connect to binary FirefoxBinary(C:\Program Files (x86)\Mozilla Firefox\firefox.exe) on port 7055; process output follows: 
rue,"userDisabled":false,"appDisabled":false,"descriptor":"C:\\Program Files (x86)\\Mozilla Firefox\\browser\\extensions\\{972ce4c6-7e08-4474-a285-3208198ce6fd}.xpi","installDate":1493179382399,"updateDate":1493179382399,"applyBackgroundUpdates":1,"skinnable":true,"size":8201,"sourceURI":null,"releaseNotesURI":null,"softDisabled":false,"foreignInstall":false,"hasBinaryComponents":false,"strictCompatibility":true,"locales":[],"targetApplications":[{"id":"{ec8030f7-c20a-464f-9b0e-13a3a9e97384}","minVersion":"53.0","maxVersion":"53.0"}],"targetPlatforms":[],"seen":true,"dependencies":[],"hasEmbeddedWebExtension":false,"userPermissions":null}
1493359264143	addons.xpi	DEBUG	getModTime: Recursive scan of {972ce4c6-7e08-4474-a285-3208198ce6fd}
1493359264144	DeferredSave.extensions.json	DEBUG	Save changes
1493359264144	addons.xpi	DEBUG	Updating database with changes to installed add-ons
1493359264144	addons.xpi-utils	DEBUG	Updating add-on states
1493359264145	addons.xpi-utils	DEBUG	Writing add-ons list
1493359264149	addons.xpi	DEBUG	Registering manifest for C:\Program Files (x86)\Mozilla Firefox\browser\features\aushelper@mozilla.org.xpi
1493359264150	addons.xpi	DEBUG	Calling bootstrap method startup on aushelper@mozilla.org version 2.0
1493359264152	addons.xpi	DEBUG	Registering manifest for C:\Program Files (x86)\Mozilla Firefox\browser\features\e10srollout@mozilla.org.xpi
1493359264153	addons.xpi	DEBUG	Calling bootstrap method startup on e10srollout@mozilla.org version 1.14
1493359264153	addons.xpi	DEBUG	Registering manifest for C:\Program Files (x86)\Mozilla Firefox\browser\features\firefox@getpocket.com.xpi
1493359264154	addons.xpi	DEBUG	Calling bootstrap method startup on firefox@getpocket.com version 1.0.5
1493359264155	addons.xpi	DEBUG	Registering manifest for C:\Program Files (x86)\Mozilla Firefox\browser\features\webcompat@mozilla.org.xpi
1493359264156	addons.xpi	DEBUG	Calling bootstrap method startup on webcompat@mozilla.org version 1.0
1493359264160	addons.manager	DEBUG	Registering shutdown blocker for XPIProvider
1493359264161	addons.manager	DEBUG	Provider finished startup: XPIProvider
1493359264161	addons.manager	DEBUG	Starting provider: LightweightThemeManager
1493359264161	addons.manager	DEBUG	Registering shutdown blocker for LightweightThemeManager
1493359264161	addons.manager	DEBUG	Provider finished startup: LightweightThemeManager
1493359264162	addons.manager	DEBUG	Starting provider: GMPProvider
1493359264170	addons.manager	DEBUG	Registering shutdown blocker for GMPProvider
1493359264170	addons.manager	DEBUG	Provider finished startup: GMPProvider
1493359264170	addons.manager	DEBUG	Starting provider: PluginProvider
1493359264171	addons.manager	DEBUG	Registering shutdown blocker for PluginProvider
1493359264171	addons.manager	DEBUG	Provider finished startup: PluginProvider
1493359264171	addons.manager	DEBUG	Completed startup sequence
1493359265823	addons.manager	DEBUG	Starting provider: <unnamed-provider>
1493359265824	addons.manager	DEBUG	Registering shutdown blocker for <unnamed-provider>
1493359265824	addons.manager	DEBUG	Provider finished startup: <unnamed-provider>
1493359266289	DeferredSave.extensions.json	DEBUG	Write succeeded
1493359266289	addons.xpi-utils	DEBUG	XPI Database saved, setting schema version preference to 19
1493359266289	DeferredSave.extensions.json	DEBUG	Starting timer
1493359266303	addons.repository	DEBUG	No addons.json found.
1493359266304	DeferredSave.addons.json	DEBUG	Save changes
1493359266319	DeferredSave.addons.json	DEBUG	Starting timer
1493359266592	addons.manager	DEBUG	Starting provider: PreviousExperimentProvider
1493359266592	addons.manager	DEBUG	Registering shutdown blocker for PreviousExperimentProvider
1493359266592	addons.manager	DEBUG	Provider finished startup: PreviousExperimentProvider
1493359266594	DeferredSave.extensions.json	DEBUG	Starting write
1493359266595	DeferredSave.addons.json	DEBUG	Starting write
1493359266736	DeferredSave.extensions.json	DEBUG	Write succeeded
1493359266742	DeferredSave.addons.json	DEBUG	Write succeeded

Build info: version: '2.52.0', revision: '4c2593cfc3689a7fcd7be52549167e5ccc93ad28', time: '2016-02-11 11:22:43'
System info: host: 'ZIL051', ip: '172.16.3.38', os.name: 'Windows 10', os.arch: 'amd64', os.version: '10.0', java.version: '1.8.0_121'
Driver info: driver.version: FirefoxDriver
	at org.openqa.selenium.firefox.internal.NewProfileExtensionConnection.start(NewProfileExtensionConnection.java:125)
	at org.openqa.selenium.firefox.FirefoxDriver.startClient(FirefoxDriver.java:271)
	at org.openqa.selenium.remote.RemoteWebDriver.<init>(RemoteWebDriver.java:119)
	at org.openqa.selenium.firefox.FirefoxDriver.<init>(FirefoxDriver.java:216)
	at org.openqa.selenium.firefox.FirefoxDriver.<init>(FirefoxDriver.java:211)
	at org.openqa.selenium.firefox.FirefoxDriver.<init>(FirefoxDriver.java:207)
	at org.openqa.selenium.firefox.FirefoxDriver.<init>(FirefoxDriver.java:120)
	at com.perficient.util.TestCaseBase.setUpFirefoxWithDefaultProfile(TestCaseBase.java:272)
	at com.perficient.util.TestCaseBase.selectBrowser(TestCaseBase.java:125)
	at com.perficient.util.TestCaseBase.setUpBrowser(TestCaseBase.java:85)
	at sun.reflect.NativeMethodAccessorImpl.invoke0(Native Method)
	at sun.reflect.NativeMethodAccessorImpl.invoke(NativeMethodAccessorImpl.java:62)
	at sun.reflect.DelegatingMethodAccessorImpl.invoke(DelegatingMethodAccessorImpl.java:43)
	at java.lang.reflect.Method.invoke(Method.java:498)
	at org.testng.internal.MethodInvocationHelper.invokeMethod(MethodInvocationHelper.java:108)
	at org.testng.internal.Invoker.invokeConfigurationMethod(Invoker.java:523)
	at org.testng.internal.Invoker.invokeConfigurations(Invoker.java:224)
	at org.testng.internal.Invoker.invokeConfigurations(Invoker.java:146)
	at org.testng.internal.TestMethodWorker.invokeBeforeClassMethods(TestMethodWorker.java:166)
	at org.testng.internal.TestMethodWorker.run(TestMethodWorker.java:105)
	at org.testng.TestRunner.privateRun(TestRunner.java:744)
	at org.testng.TestRunner.run(TestRunner.java:602)
	at org.testng.SuiteRunner.runTest(SuiteRunner.java:380)
	at org.testng.SuiteRunner.runSequentially(SuiteRunner.java:375)
	at org.testng.SuiteRunner.privateRun(SuiteRunner.java:340)
	at org.testng.SuiteRunner.run(SuiteRunner.java:289)
	at org.testng.SuiteRunnerWorker.runSuite(SuiteRunnerWorker.java:52)
	at org.testng.SuiteRunnerWorker.run(SuiteRunnerWorker.java:86)
	at org.testng.TestNG.runSuitesSequentially(TestNG.java:1301)
	at org.testng.TestNG.runSuitesLocally(TestNG.java:1226)
	at org.testng.TestNG.runSuites(TestNG.java:1144)
	at org.testng.TestNG.run(TestNG.java:1115)
	at org.testng.remote.AbstractRemoteTestNG.run(AbstractRemoteTestNG.java:132)
	at org.testng.remote.RemoteTestNG.initAndRun(RemoteTestNG.java:230)
	at org.testng.remote.RemoteTestNG.main(RemoteTestNG.java:76)
Caused by: org.openqa.selenium.firefox.NotConnectedException: Unable to connect to host 127.0.0.1 on port 7055 after 45000 ms. Firefox console output:
rue,"userDisabled":false,"appDisabled":false,"descriptor":"C:\\Program Files (x86)\\Mozilla Firefox\\browser\\extensions\\{972ce4c6-7e08-4474-a285-3208198ce6fd}.xpi","installDate":1493179382399,"updateDate":1493179382399,"applyBackgroundUpdates":1,"skinnable":true,"size":8201,"sourceURI":null,"releaseNotesURI":null,"softDisabled":false,"foreignInstall":false,"hasBinaryComponents":false,"strictCompatibility":true,"locales":[],"targetApplications":[{"id":"{ec8030f7-c20a-464f-9b0e-13a3a9e97384}","minVersion":"53.0","maxVersion":"53.0"}],"targetPlatforms":[],"seen":true,"dependencies":[],"hasEmbeddedWebExtension":false,"userPermissions":null}
1493359264143	addons.xpi	DEBUG	getModTime: Recursive scan of {972ce4c6-7e08-4474-a285-3208198ce6fd}
1493359264144	DeferredSave.extensions.json	DEBUG	Save changes
1493359264144	addons.xpi	DEBUG	Updating database with changes to installed add-ons
1493359264144	addons.xpi-utils	DEBUG	Updating add-on states
1493359264145	addons.xpi-utils	DEBUG	Writing add-ons list
1493359264149	addons.xpi	DEBUG	Registering manifest for C:\Program Files (x86)\Mozilla Firefox\browser\features\aushelper@mozilla.org.xpi
1493359264150	addons.xpi	DEBUG	Calling bootstrap method startup on aushelper@mozilla.org version 2.0
1493359264152	addons.xpi	DEBUG	Registering manifest for C:\Program Files (x86)\Mozilla Firefox\browser\features\e10srollout@mozilla.org.xpi
1493359264153	addons.xpi	DEBUG	Calling bootstrap method startup on e10srollout@mozilla.org version 1.14
1493359264153	addons.xpi	DEBUG	Registering manifest for C:\Program Files (x86)\Mozilla Firefox\browser\features\firefox@getpocket.com.xpi
1493359264154	addons.xpi	DEBUG	Calling bootstrap method startup on firefox@getpocket.com version 1.0.5
1493359264155	addons.xpi	DEBUG	Registering manifest for C:\Program Files (x86)\Mozilla Firefox\browser\features\webcompat@mozilla.org.xpi
1493359264156	addons.xpi	DEBUG	Calling bootstrap method startup on webcompat@mozilla.org version 1.0
1493359264160	addons.manager	DEBUG	Registering shutdown blocker for XPIProvider
1493359264161	addons.manager	DEBUG	Provider finished startup: XPIProvider
1493359264161	addons.manager	DEBUG	Starting provider: LightweightThemeManager
1493359264161	addons.manager	DEBUG	Registering shutdown blocker for LightweightThemeManager
1493359264161	addons.manager	DEBUG	Provider finished startup: LightweightThemeManager
1493359264162	addons.manager	DEBUG	Starting provider: GMPProvider
1493359264170	addons.manager	DEBUG	Registering shutdown blocker for GMPProvider
1493359264170	addons.manager	DEBUG	Provider finished startup: GMPProvider
1493359264170	addons.manager	DEBUG	Starting provider: PluginProvider
1493359264171	addons.manager	DEBUG	Registering shutdown blocker for PluginProvider
1493359264171	addons.manager	DEBUG	Provider finished startup: PluginProvider
1493359264171	addons.manager	DEBUG	Completed startup sequence
1493359265823	addons.manager	DEBUG	Starting provider: <unnamed-provider>
1493359265824	addons.manager	DEBUG	Registering shutdown blocker for <unnamed-provider>
1493359265824	addons.manager	DEBUG	Provider finished startup: <unnamed-provider>
1493359266289	DeferredSave.extensions.json	DEBUG	Write succeeded
1493359266289	addons.xpi-utils	DEBUG	XPI Database saved, setting schema version preference to 19
1493359266289	DeferredSave.extensions.json	DEBUG	Starting timer
1493359266303	addons.repository	DEBUG	No addons.json found.
1493359266304	DeferredSave.addons.json	DEBUG	Save changes
1493359266319	DeferredSave.addons.json	DEBUG	Starting timer
1493359266592	addons.manager	DEBUG	Starting provider: PreviousExperimentProvider
1493359266592	addons.manager	DEBUG	Registering shutdown blocker for PreviousExperimentProvider
1493359266592	addons.manager	DEBUG	Provider finished startup: PreviousExperimentProvider
1493359266594	DeferredSave.extensions.json	DEBUG	Starting write
1493359266595	DeferredSave.addons.json	DEBUG	Starting write
1493359266736	DeferredSave.extensions.json	DEBUG	Write succeeded
1493359266742	DeferredSave.addons.json	DEBUG	Write succeeded

	at org.openqa.selenium.firefox.internal.NewProfileExtensionConnection.start(NewProfileExtensionConnection.java:113)
	... 34 more
]]>
    </error>
  </testcase> <!-- setUpBrowser -->
</testsuite> <!-- com.perficient.insite.testcase01.TC01InsiteSignIn -->
